C:\Program Files (x86)\Microsoft Visual Studio\2017\Community\Common7\IDE\VC\VCTargets\Microsoft.CppBuild.targets(387,5): warning MSB8028: The intermediate directory (Debug\) contains files shared from another project (Platforer1.0.vcxproj).  This can lead to incorrect clean and rebuild behavior.
  main.cpp
  Trigger.cpp
  Projectile.cpp
c:\vs_projects\projekt_sem3\platforer1.3\platforer1.0\projectile.cpp(46): warning C4244: 'argument': conversion from 'float' to 'int', possible loss of data
  PredefinedObjectsGenerator.cpp
  Player.cpp
c:\vs_projects\projekt_sem3\platforer1.3\platforer1.0\player.cpp(37): warning C4244: 'argument': conversion from 'int' to 'float', possible loss of data
c:\vs_projects\projekt_sem3\platforer1.3\platforer1.0\player.cpp(181): warning C4930: 'sf::Vector2f directionSum(void)': prototyped function not called (was a variable definition intended?)
  PickUp.cpp
  PatrolingEnemy.cpp
  MovingObject.cpp
c:\vs_projects\projekt_sem3\platforer1.3\platforer1.0\movingobject.cpp(50): warning C4244: '=': conversion from 'double' to 'float', possible loss of data
c:\vs_projects\projekt_sem3\platforer1.3\platforer1.0\movingobject.cpp(71): warning C4244: '=': conversion from 'double' to 'float', possible loss of data
  MovableRectangle.cpp
  MapCreator.cpp
c:\vs_projects\projekt_sem3\platforer1.3\platforer1.0\mapcreator.cpp(34): warning C4018: '<': signed/unsigned mismatch
c:\vs_projects\projekt_sem3\platforer1.3\platforer1.0\mapcreator.cpp(35): warning C4244: 'argument': conversion from 'int' to 'float', possible loss of data
c:\vs_projects\projekt_sem3\platforer1.3\platforer1.0\mapcreator.cpp(67): warning C4018: '>': signed/unsigned mismatch
  LevelFinishTrigger.cpp
  ExplosiveFireBall.cpp
  Explosion.cpp
  Entity.cpp
  Enemy.cpp
  DamagingTrigger.cpp
  CheckPointTrigger.cpp
  ChargingEnemy.cpp
  Bullet.cpp
  Generating Code...
  Compiling...
  ShootingEnemy.cpp
  JumpingChargingEnemy.cpp
  Game.cpp
c:\vs_projects\projekt_sem3\platforer1.3\platforer1.0\game.cpp(52): warning C4244: 'initializing': conversion from 'float' to 'int', possible loss of data
c:\vs_projects\projekt_sem3\platforer1.3\platforer1.0\game.cpp(292): warning C4244: '=': conversion from 'int' to 'float', possible loss of data
c:\vs_projects\projekt_sem3\platforer1.3\platforer1.0\game.cpp(326): warning C4018: '<': signed/unsigned mismatch
  Generating Code...
  Platforer1.0.vcxproj -> C:\VS_Projects\Projekt_Sem3\Platforer1.3\Debug\SimplePlatforer.exe
